<?xml version="1.0" encoding="UTF-8"?>
<testsuite name="se.nackademin.librarytest.SelenideTest" time="91.066" tests="12" errors="0" skipped="3" failures="5">
  <properties>
    <property name="java.runtime.name" value="Java(TM) SE Runtime Environment"/>
    <property name="sun.boot.library.path" value="/usr/lib/jvm/java-8-oracle/jre/lib/i386"/>
    <property name="java.vm.version" value="25.121-b13"/>
    <property name="java.vm.vendor" value="Oracle Corporation"/>
    <property name="maven.multiModuleProjectDirectory" value="/home/testautom-nack/NetBeansProjects/librarytest/selenidetest"/>
    <property name="java.vendor.url" value="http://java.oracle.com/"/>
    <property name="path.separator" value=":"/>
    <property name="guice.disable.misplaced.annotation.check" value="true"/>
    <property name="java.vm.name" value="Java HotSpot(TM) Client VM"/>
    <property name="file.encoding.pkg" value="sun.io"/>
    <property name="user.country" value="US"/>
    <property name="sun.java.launcher" value="SUN_STANDARD"/>
    <property name="sun.os.patch.level" value="unknown"/>
    <property name="java.vm.specification.name" value="Java Virtual Machine Specification"/>
    <property name="user.dir" value="/home/testautom-nack/NetBeansProjects/librarytest/selenidetest"/>
    <property name="java.runtime.version" value="1.8.0_121-b13"/>
    <property name="java.awt.graphicsenv" value="sun.awt.X11GraphicsEnvironment"/>
    <property name="java.endorsed.dirs" value="/usr/lib/jvm/java-8-oracle/jre/lib/endorsed"/>
    <property name="os.arch" value="i386"/>
    <property name="java.io.tmpdir" value="/tmp"/>
    <property name="line.separator" value="&#10;"/>
    <property name="java.vm.specification.vendor" value="Oracle Corporation"/>
    <property name="os.name" value="Linux"/>
    <property name="maven.ext.class.path" value="/home/testautom-nack/netbeans-8.2/java/maven-nblib/netbeans-eventspy.jar"/>
    <property name="classworlds.conf" value="/usr/share/maven/bin/m2.conf"/>
    <property name="sun.jnu.encoding" value="UTF-8"/>
    <property name="java.library.path" value="/usr/lib/jvm/java-8-oracle/jre/lib/amd64:/usr/lib/jvm/java-8-oracle/jre/lib/i386::/usr/java/packages/lib/i386:/lib:/usr/lib"/>
    <property name="java.specification.name" value="Java Platform API Specification"/>
    <property name="java.class.version" value="52.0"/>
    <property name="sun.management.compiler" value="HotSpot Client Compiler"/>
    <property name="os.version" value="4.4.0-79-generic"/>
    <property name="user.home" value="/home/testautom-nack"/>
    <property name="user.timezone" value="Europe/Stockholm"/>
    <property name="java.awt.printerjob" value="sun.print.PSPrinterJob"/>
    <property name="java.specification.version" value="1.8"/>
    <property name="file.encoding" value="UTF-8"/>
    <property name="user.name" value="testautom-nack"/>
    <property name="java.class.path" value="/usr/share/maven/boot/plexus-classworlds-2.x.jar"/>
    <property name="java.vm.specification.version" value="1.8"/>
    <property name="sun.arch.data.model" value="32"/>
    <property name="java.home" value="/usr/lib/jvm/java-8-oracle/jre"/>
    <property name="sun.java.command" value="org.codehaus.plexus.classworlds.launcher.Launcher -Dmaven.ext.class.path=/home/testautom-nack/netbeans-8.2/java/maven-nblib/netbeans-eventspy.jar clean install"/>
    <property name="java.specification.vendor" value="Oracle Corporation"/>
    <property name="user.language" value="en"/>
    <property name="awt.toolkit" value="sun.awt.X11.XToolkit"/>
    <property name="java.vm.info" value="mixed mode"/>
    <property name="java.version" value="1.8.0_121"/>
    <property name="java.ext.dirs" value="/usr/lib/jvm/java-8-oracle/jre/lib/ext:/usr/java/packages/lib/ext"/>
    <property name="securerandom.source" value="file:/dev/./urandom"/>
    <property name="sun.boot.class.path" value="/usr/lib/jvm/java-8-oracle/jre/lib/resources.jar:/usr/lib/jvm/java-8-oracle/jre/lib/rt.jar:/usr/lib/jvm/java-8-oracle/jre/lib/sunrsasign.jar:/usr/lib/jvm/java-8-oracle/jre/lib/jsse.jar:/usr/lib/jvm/java-8-oracle/jre/lib/jce.jar:/usr/lib/jvm/java-8-oracle/jre/lib/charsets.jar:/usr/lib/jvm/java-8-oracle/jre/lib/jfr.jar:/usr/lib/jvm/java-8-oracle/jre/classes"/>
    <property name="java.vendor" value="Oracle Corporation"/>
    <property name="maven.home" value="/usr/share/maven"/>
    <property name="file.separator" value="/"/>
    <property name="java.vendor.url.bug" value="http://bugreport.sun.com/bugreport/"/>
    <property name="sun.cpu.endian" value="little"/>
    <property name="sun.io.unicode.encoding" value="UnicodeLittle"/>
    <property name="sun.desktop" value="gnome"/>
    <property name="sun.cpu.isalist" value=""/>
  </properties>
  <testcase name="testAddNewBook" classname="se.nackademin.librarytest.SelenideTest" time="17.108">
    <failure message="Element not found {td.v-grid-cell:nth-child(1) &gt; a:nth-child(1)}&#10;Expected: visible" type="com.codeborne.selenide.ex.ElementNotFound">com.codeborne.selenide.ex.ElementNotFound: Element not found {td.v-grid-cell:nth-child(1) > a:nth-child(1)}
Expected: visible
	at sun.reflect.GeneratedConstructorAccessor10.newInstance(Unknown Source)
	at sun.reflect.DelegatingConstructorAccessorImpl.newInstance(DelegatingConstructorAccessorImpl.java:45)
	at java.lang.reflect.Constructor.newInstance(Constructor.java:423)
	at org.openqa.selenium.remote.ErrorHandler.createThrowable(ErrorHandler.java:206)
	at org.openqa.selenium.remote.ErrorHandler.throwIfResponseFailed(ErrorHandler.java:158)
	at org.openqa.selenium.remote.RemoteWebDriver.execute(RemoteWebDriver.java:678)
	at org.openqa.selenium.remote.RemoteWebDriver.findElement(RemoteWebDriver.java:363)
	at org.openqa.selenium.remote.RemoteWebDriver.findElementByCssSelector(RemoteWebDriver.java:492)
	at org.openqa.selenium.By$ByCssSelector.findElement(By.java:430)
	at org.openqa.selenium.remote.RemoteWebDriver.findElement(RemoteWebDriver.java:355)
	at com.codeborne.selenide.impl.WebElementSelector.findElement(WebElementSelector.java:28)
	at com.codeborne.selenide.impl.ElementFinder.getWebElement(ElementFinder.java:56)
	at com.codeborne.selenide.impl.WebElementSource.checkCondition(WebElementSource.java:44)
	at com.codeborne.selenide.impl.WebElementSource.findAndAssertElementIsVisible(WebElementSource.java:72)
	at com.codeborne.selenide.commands.Click.execute(Click.java:14)
	at com.codeborne.selenide.commands.Click.execute(Click.java:11)
	at com.codeborne.selenide.commands.Commands.execute(Commands.java:136)
	at com.codeborne.selenide.impl.SelenideElementProxy.dispatchAndRetry(SelenideElementProxy.java:82)
	at com.codeborne.selenide.impl.SelenideElementProxy.invoke(SelenideElementProxy.java:58)
	at com.sun.proxy.$Proxy8.click(Unknown Source)
	at se.nackademin.librarytest.pages.BrowseBooksPage.clickFirstResultTitle(BrowseBooksPage.java:18)
	at se.nackademin.librarytest.helpers.BookHelper.fetchBook(BookHelper.java:71)
	at se.nackademin.librarytest.SelenideTest.testAddNewBook(SelenideTest.java:181)
</failure>
    <system-err><![CDATA[Starting ChromeDriver 2.29.461599 (8cfe70b3bca63aec509c39bf48c384e7eba3372b) on port 26592
Only local connections are allowed.
Jun 21, 2017 7:01:34 AM com.codeborne.selenide.webdriver.WebDriverFactory createWebDriver
INFO: BrowserName=chrome Version=58.0.3029.110 Platform=LINUX
Jun 21, 2017 7:01:34 AM com.codeborne.selenide.webdriver.WebDriverFactory createWebDriver
INFO: Selenide v. 3.5.1
Jun 21, 2017 7:01:34 AM com.codeborne.selenide.webdriver.WebDriverFactory createWebDriver
INFO: Selenium WebDriver v. 2.53.0 build time: 2016-03-15 10:43:46
Jun 21, 2017 7:01:34 AM com.codeborne.selenide.impl.WebDriverThreadLocalContainer createDriver
INFO: Create webdriver in current thread 1: ChromeDriver -> ChromeDriver: chrome on LINUX (78012f826ac10d660bf58e8d9edf881a)
Jun 21, 2017 7:01:35 AM se.nackademin.librarytest.pages.PageBase clickButton
INFO: Clicking{0}Sign in
Jun 21, 2017 7:01:38 AM se.nackademin.librarytest.pages.PageBase clickButton
INFO: Clicking{0}Add book
Jun 21, 2017 7:01:41 AM se.nackademin.librarytest.pages.PageBase clickButton
INFO: Clicking{0}Add book button
Jun 21, 2017 7:01:41 AM se.nackademin.librarytest.pages.PageBase clickButton
INFO: Clicking{0}Browse Books
]]></system-err>
  </testcase>
  <testcase name="testLogin" classname="se.nackademin.librarytest.SelenideTest" time="9.065">
    <failure message="Username should be shown in profile expected:&lt;[7d5c41c3-326b-4747-accc-26ff8bccd607]&gt; but was:&lt;[admin]&gt;" type="org.junit.ComparisonFailure"><![CDATA[org.junit.ComparisonFailure: Username should be shown in profile expected:<[7d5c41c3-326b-4747-accc-26ff8bccd607]> but was:<[admin]>
	at org.junit.Assert.assertEquals(Assert.java:115)
	at se.nackademin.librarytest.SelenideTest.testLogin(SelenideTest.java:107)
]]></failure>
    <system-out><![CDATA[[2017-06-21 07:01:49:145] [main] INFO BrowserManager - Reading https://chromedriver.storage.googleapis.com/ to seek [chromedriver]
[2017-06-21 07:01:50:110] [main] INFO BrowserManager - Latest version of [chromedriver] is 2.30
[2017-06-21 07:01:50:125] [main] INFO BrowserManager - Exporting webdriver.chrome.driver as /home/testautom-nack/.m2/repository/webdriver/chromedriver/linux32/2.30/chromedriver
]]></system-out>
    <system-err><![CDATA[Jun 21, 2017 7:01:50 AM se.nackademin.librarytest.pages.PageBase clickButton
INFO: Clicking{0}Add user
Jun 21, 2017 7:01:51 AM se.nackademin.librarytest.pages.PageBase setTextFieldValue
INFO: settingnUser name filedto7d5c41c3-326b-4747-accc-26ff8bccd607
Jun 21, 2017 7:01:51 AM se.nackademin.librarytest.pages.PageBase setTextFieldValue
INFO: settingnPassword filedto7d5c41c3-326b-4747-accc-26ff8bccd607
Jun 21, 2017 7:01:52 AM se.nackademin.librarytest.pages.PageBase clickButton
INFO: Clicking{0}Add user button
Jun 21, 2017 7:01:52 AM se.nackademin.librarytest.pages.PageBase clickButton
INFO: Clicking{0}Sign in
Jun 21, 2017 7:01:55 AM se.nackademin.librarytest.pages.PageBase clickButton
INFO: Clicking{0}My profile
]]></system-err>
  </testcase>
  <testcase name="tesTable" classname="se.nackademin.librarytest.SelenideTest" time="11.298">
    <failure message="Element not found {.v-grid-tablewrapper}&#10;Expected: exist" type="com.codeborne.selenide.ex.ElementNotFound">com.codeborne.selenide.ex.ElementNotFound: Element not found {.v-grid-tablewrapper}
Expected: exist
	at sun.reflect.GeneratedConstructorAccessor10.newInstance(Unknown Source)
	at sun.reflect.DelegatingConstructorAccessorImpl.newInstance(DelegatingConstructorAccessorImpl.java:45)
	at java.lang.reflect.Constructor.newInstance(Constructor.java:423)
	at org.openqa.selenium.remote.ErrorHandler.createThrowable(ErrorHandler.java:206)
	at org.openqa.selenium.remote.ErrorHandler.throwIfResponseFailed(ErrorHandler.java:158)
	at org.openqa.selenium.remote.RemoteWebDriver.execute(RemoteWebDriver.java:678)
	at org.openqa.selenium.remote.RemoteWebDriver.findElement(RemoteWebDriver.java:363)
	at org.openqa.selenium.remote.RemoteWebDriver.findElementByCssSelector(RemoteWebDriver.java:492)
	at org.openqa.selenium.By$ByCssSelector.findElement(By.java:430)
	at org.openqa.selenium.remote.RemoteWebDriver.findElement(RemoteWebDriver.java:355)
	at com.codeborne.selenide.impl.WebElementSelector.findElement(WebElementSelector.java:28)
	at com.codeborne.selenide.impl.ElementFinder.getWebElement(ElementFinder.java:56)
	at com.codeborne.selenide.impl.SelenideElementProxy.dispatchAndRetry(SelenideElementProxy.java:85)
	at com.codeborne.selenide.impl.SelenideElementProxy.invoke(SelenideElementProxy.java:58)
	at com.sun.proxy.$Proxy8.findElements(Unknown Source)
	at com.codeborne.selenide.impl.WebElementSelector.findElements(WebElementSelector.java:37)
	at com.codeborne.selenide.impl.BySelectorCollection.getActualElements(BySelectorCollection.java:28)
	at com.codeborne.selenide.ElementsCollection.getActualElements(ElementsCollection.java:169)
	at com.codeborne.selenide.ElementsCollection.size(ElementsCollection.java:253)
	at se.nackademin.librarytest.helpers.Table.getRowCount(Table.java:15)
	at se.nackademin.librarytest.helpers.Table.searchAndClick(Table.java:40)
	at se.nackademin.librarytest.SelenideTest.tesTable(SelenideTest.java:75)
</failure>
    <system-err><![CDATA[Jun 21, 2017 7:01:57 AM se.nackademin.librarytest.pages.PageBase clickButton
INFO: Clicking{0}Add user
Jun 21, 2017 7:01:59 AM se.nackademin.librarytest.pages.PageBase setTextFieldValue
INFO: settingnUser name filedto02d9ec43-02b9-4df5-814c-e2aa9e0ccc89
Jun 21, 2017 7:02:00 AM se.nackademin.librarytest.pages.PageBase setTextFieldValue
INFO: settingnPassword filedto02d9ec43-02b9-4df5-814c-e2aa9e0ccc89
Jun 21, 2017 7:02:00 AM se.nackademin.librarytest.pages.PageBase clickButton
INFO: Clicking{0}Add user button
Jun 21, 2017 7:02:00 AM se.nackademin.librarytest.pages.PageBase clickButton
INFO: Clicking{0}Sign in
Jun 21, 2017 7:02:03 AM se.nackademin.librarytest.pages.PageBase clickButton
INFO: Clicking{0}My profile
]]></system-err>
  </testcase>
  <testcase name="testBrowseBook" classname="se.nackademin.librarytest.SelenideTest" time="0.465"/>
  <testcase name="testFetchAuthor" classname="se.nackademin.librarytest.SelenideTest" time="0">
    <skipped/>
  </testcase>
  <testcase name="testFetchBook" classname="se.nackademin.librarytest.SelenideTest" time="0">
    <skipped/>
  </testcase>
  <testcase name="testAddAuthor" classname="se.nackademin.librarytest.SelenideTest" time="13.987"/>
  <testcase name="testUsingTable" classname="se.nackademin.librarytest.SelenideTest" time="8.411"/>
  <testcase name="testChangePublishDateBook" classname="se.nackademin.librarytest.SelenideTest" time="7.822">
    <failure message="Element not found {#gwt-uid-3}&#10;Expected: exist" type="com.codeborne.selenide.ex.ElementNotFound">com.codeborne.selenide.ex.ElementNotFound: Element not found {#gwt-uid-3}
Expected: exist
	at sun.reflect.GeneratedConstructorAccessor10.newInstance(Unknown Source)
	at sun.reflect.DelegatingConstructorAccessorImpl.newInstance(DelegatingConstructorAccessorImpl.java:45)
	at java.lang.reflect.Constructor.newInstance(Constructor.java:423)
	at org.openqa.selenium.remote.ErrorHandler.createThrowable(ErrorHandler.java:206)
	at org.openqa.selenium.remote.ErrorHandler.throwIfResponseFailed(ErrorHandler.java:158)
	at org.openqa.selenium.remote.RemoteWebDriver.execute(RemoteWebDriver.java:678)
	at org.openqa.selenium.remote.RemoteWebDriver.findElement(RemoteWebDriver.java:363)
	at org.openqa.selenium.remote.RemoteWebDriver.findElementByCssSelector(RemoteWebDriver.java:492)
	at org.openqa.selenium.By$ByCssSelector.findElement(By.java:430)
	at org.openqa.selenium.remote.RemoteWebDriver.findElement(RemoteWebDriver.java:355)
	at com.codeborne.selenide.impl.WebElementSelector.findElement(WebElementSelector.java:28)
	at com.codeborne.selenide.impl.ElementFinder.getWebElement(ElementFinder.java:56)
	at com.codeborne.selenide.impl.SelenideElementProxy.dispatchAndRetry(SelenideElementProxy.java:85)
	at com.codeborne.selenide.impl.SelenideElementProxy.invoke(SelenideElementProxy.java:58)
	at com.sun.proxy.$Proxy8.clear(Unknown Source)
	at se.nackademin.librarytest.pages.BrowseBooksPage.setTitleFiled(BrowseBooksPage.java:23)
	at se.nackademin.librarytest.helpers.BookHelper.fetchBook(BookHelper.java:68)
	at se.nackademin.librarytest.SelenideTest.testChangePublishDateBook(SelenideTest.java:204)
</failure>
    <system-err><![CDATA[Jun 21, 2017 7:02:31 AM se.nackademin.librarytest.pages.PageBase clickButton
INFO: Clicking{0}Sign in
Jun 21, 2017 7:02:34 AM se.nackademin.librarytest.pages.PageBase clickButton
INFO: Clicking{0}Browse Books
]]></system-err>
  </testcase>
  <testcase name="testBorrowBook" classname="se.nackademin.librarytest.SelenideTest" time="10.965">
    <failure message="Element not found {td.v-grid-cell:nth-child(1) &gt; a:nth-child(1)}&#10;Expected: visible" type="com.codeborne.selenide.ex.ElementNotFound">com.codeborne.selenide.ex.ElementNotFound: Element not found {td.v-grid-cell:nth-child(1) > a:nth-child(1)}
Expected: visible
	at sun.reflect.GeneratedConstructorAccessor10.newInstance(Unknown Source)
	at sun.reflect.DelegatingConstructorAccessorImpl.newInstance(DelegatingConstructorAccessorImpl.java:45)
	at java.lang.reflect.Constructor.newInstance(Constructor.java:423)
	at org.openqa.selenium.remote.ErrorHandler.createThrowable(ErrorHandler.java:206)
	at org.openqa.selenium.remote.ErrorHandler.throwIfResponseFailed(ErrorHandler.java:158)
	at org.openqa.selenium.remote.RemoteWebDriver.execute(RemoteWebDriver.java:678)
	at org.openqa.selenium.remote.RemoteWebDriver.findElement(RemoteWebDriver.java:363)
	at org.openqa.selenium.remote.RemoteWebDriver.findElementByCssSelector(RemoteWebDriver.java:492)
	at org.openqa.selenium.By$ByCssSelector.findElement(By.java:430)
	at org.openqa.selenium.remote.RemoteWebDriver.findElement(RemoteWebDriver.java:355)
	at com.codeborne.selenide.impl.WebElementSelector.findElement(WebElementSelector.java:28)
	at com.codeborne.selenide.impl.ElementFinder.getWebElement(ElementFinder.java:56)
	at com.codeborne.selenide.impl.WebElementSource.checkCondition(WebElementSource.java:44)
	at com.codeborne.selenide.impl.WebElementSource.findAndAssertElementIsVisible(WebElementSource.java:72)
	at com.codeborne.selenide.commands.Click.execute(Click.java:14)
	at com.codeborne.selenide.commands.Click.execute(Click.java:11)
	at com.codeborne.selenide.commands.Commands.execute(Commands.java:136)
	at com.codeborne.selenide.impl.SelenideElementProxy.dispatchAndRetry(SelenideElementProxy.java:82)
	at com.codeborne.selenide.impl.SelenideElementProxy.invoke(SelenideElementProxy.java:58)
	at com.sun.proxy.$Proxy8.click(Unknown Source)
	at se.nackademin.librarytest.pages.BrowseBooksPage.clickFirstResultTitle(BrowseBooksPage.java:18)
	at se.nackademin.librarytest.helpers.BookHelper.fetchBook(BookHelper.java:71)
	at se.nackademin.librarytest.SelenideTest.testBorrowBook(SelenideTest.java:230)
</failure>
    <system-err><![CDATA[Jun 21, 2017 7:02:39 AM se.nackademin.librarytest.pages.PageBase clickButton
INFO: Clicking{0}Sign in
Jun 21, 2017 7:02:41 AM se.nackademin.librarytest.pages.PageBase clickButton
INFO: Clicking{0}Add book
Jun 21, 2017 7:02:43 AM se.nackademin.librarytest.pages.PageBase clickButton
INFO: Clicking{0}Add book button
Jun 21, 2017 7:02:43 AM se.nackademin.librarytest.pages.PageBase clickButton
INFO: Clicking{0}Browse Books
]]></system-err>
  </testcase>
  <testcase name="viewUserProfilePage" classname="se.nackademin.librarytest.SelenideTest" time="11.945"/>
  <testcase name="testChangeEmailFromMyProfile" classname="se.nackademin.librarytest.SelenideTest" time="0">
    <skipped/>
  </testcase>
</testsuite>